<?xml version="1.0" encoding="utf-8"?><testsuites name="pytest tests"><testsuite name="pytest" errors="0" failures="0" skipped="0" tests="75" time="0.408" timestamp="2026-03-28T22:32:15.919431-03:00" hostname="MacBook-Pro-de-Giuliana.local"><testcase classname="tests.test_crear_envio" name="test_cp0003_crear_envio_datos_validos" time="0.045" /><testcase classname="tests.test_crear_envio" name="test_cp0004_remitente_vacio_retorna_422" time="0.004" /><testcase classname="tests.test_crear_envio" name="test_cp0005_remitente_solo_espacios_retorna_422" time="0.004" /><testcase classname="tests.test_crear_envio" name="test_cp0007_numero_domicilio_con_letras_retorna_422" time="0.004" /><testcase classname="tests.test_crear_envio" name="test_cp0008_envio_creado_aparece_en_listado" time="0.010" /><testcase classname="tests.test_crear_envio" name="test_cp0009_envio_fallido_no_aparece_en_listado" time="0.005" /><testcase classname="tests.test_crear_envio" name="test_cp0174_error_422_incluye_detalle_del_campo" time="0.003" /><testcase classname="tests.test_crear_envio" name="test_cp0178_formato_invalido_y_campo_vacio_retorna_422" time="0.003" /><testcase classname="tests.test_crear_envio" name="test_cp0183_campos_direccion_validos_retorna_201" time="0.006" /><testcase classname="tests.test_crear_envio" name="test_cp0184_campo_direccion_vacio_retorna_422" time="0.004" /><testcase classname="tests.test_crear_envio" name="test_cp0185_fecha_entrega_ausente_retorna_422" time="0.003" /><testcase classname="tests.test_crear_envio" name="test_cp0094_tracking_id_generado_automaticamente" time="0.006" /><testcase classname="tests.test_crear_envio" name="test_cp0095_tracking_ids_son_unicos" time="0.008" /><testcase classname="tests.test_crear_envio" name="test_cp0096_tracking_id_visible_en_respuesta" time="0.006" /><testcase classname="tests.test_crear_envio" name="test_cp0097_no_existe_endpoint_para_editar_tracking_id" time="0.006" /><testcase classname="tests.test_crear_envio" name="test_cp0150_prioridad_persistida_al_crear_con_prob_retraso" time="0.006" /><testcase classname="tests.test_crear_envio" name="test_cp0151_probabilidad_invalida_retorna_422_sin_crear_envio" time="0.005" /><testcase classname="tests.test_crear_envio" name="test_cp0152_prioridad_en_respuesta_pertenece_a_valores_validos" time="0.006" /><testcase classname="tests.test_crear_envio" name="test_cp0153_prioridad_no_es_editable_manualmente" time="0.006" /><testcase classname="tests.test_crear_envio" name="test_cp0150_sin_prob_retraso_prioridad_es_nula" time="0.006" /><testcase classname="tests.test_crear_envio" name="test_cp0313_payload_vacio_devuelve_422_con_detalle" time="0.004" /><testcase classname="tests.test_detalle_envio" name="test_cp0195_detalle_responde_en_menos_de_3_segundos" time="0.007" /><testcase classname="tests.test_detalle_envio" name="test_cp0199_tracking_id_inexistente_retorna_404_con_mensaje" time="0.004" /><testcase classname="tests.test_detalle_envio" name="test_cp0205_tracking_id_con_caracteres_especiales_retorna_404" time="0.004" /><testcase classname="tests.test_detalle_envio" name="test_cp0247_busqueda_responde_en_menos_de_3_segundos" time="0.009" /><testcase classname="tests.test_detalle_envio" name="test_cp0251_busqueda_destinatario_inexistente_retorna_vacio" time="0.008" /><testcase classname="tests.test_detalle_envio" name="test_cp0252_cp0017_envios_eliminados_no_aparecen_en_listado" time="0.008" /><testcase classname="tests.test_detalle_envio" name="test_cp0254_busqueda_vacia_retorna_todos_los_activos" time="0.009" /><testcase classname="tests.test_detalle_envio" name="test_cp0154_prioridad_visible_en_detalle_del_envio" time="0.007" /><testcase classname="tests.test_detalle_envio" name="test_cp0158_sin_prob_retraso_detalle_muestra_prioridad_nula" time="0.006" /><testcase classname="tests.test_eliminar_envio.TestCP0016EliminacionLogica" name="test_cp0016_delete_retorna_200" time="0.006" /><testcase classname="tests.test_eliminar_envio.TestCP0016EliminacionLogica" name="test_cp0016_envio_queda_marcado_como_eliminado_en_bd" time="0.007" /><testcase classname="tests.test_eliminar_envio.TestCP0016EliminacionLogica" name="test_cp0016_envio_no_borrado_fisicamente" time="0.007" /><testcase classname="tests.test_eliminar_envio.TestCP0016EliminacionLogica" name="test_cp0016_delete_envio_inexistente_retorna_404" time="0.004" /><testcase classname="tests.test_eliminar_envio.TestCP0016EliminacionLogica" name="test_cp0016_delete_envio_ya_eliminado_retorna_409" time="0.008" /><testcase classname="tests.test_eliminar_envio.TestCP0017EliminadoNoAparece" name="test_cp0017_envio_eliminado_no_aparece_en_listado" time="0.008" /><testcase classname="tests.test_eliminar_envio.TestCP0017EliminadoNoAparece" name="test_cp0017_total_disminuye_tras_eliminacion" time="0.016" /><testcase classname="tests.test_eliminar_envio.TestCP0017EliminadoNoAparece" name="test_cp0017_envios_activos_no_se_ven_afectados" time="0.010" /><testcase classname="tests.test_eliminar_envio.TestCP0018HistorialConservado" name="test_cp0018_evento_eliminacion_registrado_en_bd" time="0.008" /><testcase classname="tests.test_eliminar_envio.TestCP0018HistorialConservado" name="test_cp0018_evento_eliminacion_refleja_estado_final_correcto" time="0.008" /><testcase classname="tests.test_eliminar_envio.TestCP0018HistorialConservado" name="test_cp0018_evento_creacion_previo_se_conserva" time="0.008" /><testcase classname="tests.test_eliminar_envio.TestCP0018HistorialConservado" name="test_cp0018_historial_tiene_dos_eventos_tras_eliminacion" time="0.008" /><testcase classname="tests.test_listar_envios" name="test_cp0023_listado_incluye_columnas_requeridas" time="0.007" /><testcase classname="tests.test_listar_envios" name="test_cp0024_busqueda_tracking_inexistente_retorna_vacio" time="0.007" /><testcase classname="tests.test_listar_envios" name="test_cp0025_listado_sin_envios_retorna_total_cero" time="0.004" /><testcase classname="tests.test_listar_envios" name="test_cp0026_paginacion_funciona_correctamente" time="0.013" /><testcase classname="tests.test_listar_envios" name="test_cp0027_listado_responde_en_menos_de_3_segundos" time="0.005" /><testcase classname="tests.test_ml_predictor.TestCP0313ServicioInvocable" name="test_cp0313_servicio_carga_modelo_y_devuelve_prioridad" time="0.000" /><testcase classname="tests.test_ml_predictor.TestCP0313ServicioInvocable" name="test_cp0313_no_lanza_excepcion_con_input_valido" time="0.000" /><testcase classname="tests.test_ml_predictor.TestCP0313ServicioInvocable" name="test_cp0313_retorna_string" time="0.000" /><testcase classname="tests.test_ml_predictor.TestCP0314FormatoInvalido" name="test_cp0314_probabilidad_tipo_string_lanza_valueerror" time="0.000" /><testcase classname="tests.test_ml_predictor.TestCP0314FormatoInvalido" name="test_cp0314_probabilidad_tipo_none_lanza_valueerror" time="0.000" /><testcase classname="tests.test_ml_predictor.TestCP0314FormatoInvalido" name="test_cp0314_probabilidad_tipo_lista_lanza_valueerror" time="0.000" /><testcase classname="tests.test_ml_predictor.TestCP0314FormatoInvalido" name="test_cp0314_probabilidad_mayor_a_uno_lanza_valueerror" time="0.000" /><testcase classname="tests.test_ml_predictor.TestCP0314FormatoInvalido" name="test_cp0314_probabilidad_negativa_lanza_valueerror" time="0.000" /><testcase classname="tests.test_ml_predictor.TestCP0314FormatoInvalido" name="test_cp0314_dias_tipo_string_lanza_valueerror" time="0.000" /><testcase classname="tests.test_ml_predictor.TestCP0314FormatoInvalido" name="test_cp0314_dias_tipo_none_lanza_valueerror" time="0.000" /><testcase classname="tests.test_ml_predictor.TestCP0314FormatoInvalido" name="test_cp0314_dias_negativo_lanza_valueerror" time="0.000" /><testcase classname="tests.test_ml_predictor.TestCP0314FormatoInvalido" name="test_cp0314_mensaje_error_menciona_campo_probabilidad" time="0.000" /><testcase classname="tests.test_ml_predictor.TestCP0314FormatoInvalido" name="test_cp0314_mensaje_error_menciona_campo_dias" time="0.000" /><testcase classname="tests.test_ml_predictor.TestCP0146ServicioAceptaFeatures" name="test_cp0146_acepta_probabilidad_en_extremos" time="0.000" /><testcase classname="tests.test_ml_predictor.TestCP0146ServicioAceptaFeatures" name="test_cp0146_acepta_dias_en_cero" time="0.000" /><testcase classname="tests.test_ml_predictor.TestCP0146ServicioAceptaFeatures" name="test_cp0146_acepta_dias_alto" time="0.000" /><testcase classname="tests.test_ml_predictor.TestCP0147PrioridadEnCategorias" name="test_cp0147_devuelve_alta[0.85-1]" time="0.000" /><testcase classname="tests.test_ml_predictor.TestCP0147PrioridadEnCategorias" name="test_cp0147_devuelve_alta[0.75-5]" time="0.000" /><testcase classname="tests.test_ml_predictor.TestCP0147PrioridadEnCategorias" name="test_cp0147_devuelve_alta[0.65-1]" time="0.000" /><testcase classname="tests.test_ml_predictor.TestCP0147PrioridadEnCategorias" name="test_cp0147_devuelve_media[0.72-10]" time="0.000" /><testcase classname="tests.test_ml_predictor.TestCP0147PrioridadEnCategorias" name="test_cp0147_devuelve_media[0.55-5]" time="0.000" /><testcase classname="tests.test_ml_predictor.TestCP0147PrioridadEnCategorias" name="test_cp0147_devuelve_media[0.68-15]" time="0.000" /><testcase classname="tests.test_ml_predictor.TestCP0147PrioridadEnCategorias" name="test_cp0147_devuelve_media[0.3-1]" time="0.000" /><testcase classname="tests.test_ml_predictor.TestCP0147PrioridadEnCategorias" name="test_cp0147_devuelve_baja[0.15-5]" time="0.000" /><testcase classname="tests.test_ml_predictor.TestCP0147PrioridadEnCategorias" name="test_cp0147_devuelve_baja[0.05-10]" time="0.000" /><testcase classname="tests.test_ml_predictor.TestCP0147PrioridadEnCategorias" name="test_cp0147_resultado_siempre_en_conjunto_valido[0.9-1]" time="0.000" /><testcase classname="tests.test_ml_predictor.TestCP0147PrioridadEnCategorias" name="test_cp0147_resultado_siempre_en_conjunto_valido[0.5-5]" time="0.000" /><testcase classname="tests.test_ml_predictor.TestCP0147PrioridadEnCategorias" name="test_cp0147_resultado_siempre_en_conjunto_valido[0.1-10]" time="0.000" /></testsuite></testsuites>