<?xml version="1.0" encoding="utf-8"?><testsuites name="pytest tests"><testsuite name="pytest" errors="0" failures="0" skipped="10" tests="37" time="0.208" timestamp="2026-03-23T17:30:34.853761-03:00" hostname="MacBook-Pro-de-Giuliana.local"><testcase classname="tests.test_crear_envio" name="test_cp0003_crear_envio_datos_validos" time="0.020" /><testcase classname="tests.test_crear_envio" name="test_cp0004_remitente_vacio_retorna_422" time="0.004" /><testcase classname="tests.test_crear_envio" name="test_cp0005_remitente_solo_espacios_retorna_422" time="0.004" /><testcase classname="tests.test_crear_envio" name="test_cp0007_numero_domicilio_con_letras_retorna_422" time="0.003" /><testcase classname="tests.test_crear_envio" name="test_cp0008_envio_creado_aparece_en_listado" time="0.009" /><testcase classname="tests.test_crear_envio" name="test_cp0009_envio_fallido_no_aparece_en_listado" time="0.005" /><testcase classname="tests.test_crear_envio" name="test_cp0174_error_422_incluye_detalle_del_campo" time="0.003" /><testcase classname="tests.test_crear_envio" name="test_cp0178_formato_invalido_y_campo_vacio_retorna_422" time="0.004" /><testcase classname="tests.test_crear_envio" name="test_cp0183_campos_direccion_validos_retorna_201" time="0.006" /><testcase classname="tests.test_crear_envio" name="test_cp0184_campo_direccion_vacio_retorna_422" time="0.003" /><testcase classname="tests.test_crear_envio" name="test_cp0185_fecha_entrega_ausente_retorna_422" time="0.003" /><testcase classname="tests.test_crear_envio" name="test_cp0094_tracking_id_generado_automaticamente" time="0.005" /><testcase classname="tests.test_crear_envio" name="test_cp0095_tracking_ids_son_unicos" time="0.007" /><testcase classname="tests.test_crear_envio" name="test_cp0096_tracking_id_visible_en_respuesta" time="0.006" /><testcase classname="tests.test_crear_envio" name="test_cp0097_no_existe_endpoint_para_editar_tracking_id" time="0.006" /><testcase classname="tests.test_detalle_envio" name="test_cp0195_detalle_responde_en_menos_de_3_segundos" time="0.007" /><testcase classname="tests.test_detalle_envio" name="test_cp0199_tracking_id_inexistente_retorna_404_con_mensaje" time="0.004" /><testcase classname="tests.test_detalle_envio" name="test_cp0205_tracking_id_con_caracteres_especiales_retorna_404" time="0.003" /><testcase classname="tests.test_detalle_envio" name="test_cp0247_busqueda_responde_en_menos_de_3_segundos" time="0.009" /><testcase classname="tests.test_detalle_envio" name="test_cp0251_busqueda_destinatario_inexistente_retorna_vacio" time="0.008" /><testcase classname="tests.test_detalle_envio" name="test_cp0252_envios_eliminados_no_aparecen_en_listado" time="0.007" /><testcase classname="tests.test_detalle_envio" name="test_cp0254_busqueda_vacia_retorna_todos_los_activos" time="0.010" /><testcase classname="tests.test_detalle_envio" name="test_cp0196_operador_autenticado_ve_detalle_completo" time="0.000"><skipped type="pytest.skip" message="Requiere autenticación JWT con roles, no implementada en este prototipo.">/Users/giulianazorzoli/Documentos/Personal/Universidad/Labo/Entrega-1/LogiTrack/LogiTrack/backend/tests/test_detalle_envio.py:118: Requiere autenticación JWT con roles, no implementada en este prototipo.</skipped></testcase><testcase classname="tests.test_detalle_envio" name="test_cp0197_administrador_recibe_403_en_detalle" time="0.000"><skipped type="pytest.skip" message="Requiere autenticación JWT con roles, no implementada en este prototipo.">/Users/giulianazorzoli/Documentos/Personal/Universidad/Labo/Entrega-1/LogiTrack/LogiTrack/backend/tests/test_detalle_envio.py:123: Requiere autenticación JWT con roles, no implementada en este prototipo.</skipped></testcase><testcase classname="tests.test_detalle_envio" name="test_cp0198_sin_token_recibe_401_en_detalle" time="0.000"><skipped type="pytest.skip" message="Requiere autenticación JWT con roles, no implementada en este prototipo.">/Users/giulianazorzoli/Documentos/Personal/Universidad/Labo/Entrega-1/LogiTrack/LogiTrack/backend/tests/test_detalle_envio.py:128: Requiere autenticación JWT con roles, no implementada en este prototipo.</skipped></testcase><testcase classname="tests.test_detalle_envio" name="test_cp0201_operador_autenticado_puede_acceder" time="0.000"><skipped type="pytest.skip" message="Requiere autenticación JWT con roles, no implementada en este prototipo.">/Users/giulianazorzoli/Documentos/Personal/Universidad/Labo/Entrega-1/LogiTrack/LogiTrack/backend/tests/test_detalle_envio.py:133: Requiere autenticación JWT con roles, no implementada en este prototipo.</skipped></testcase><testcase classname="tests.test_detalle_envio" name="test_cp0202_usuario_no_autenticado_redirige_a_login" time="0.000"><skipped type="pytest.skip" message="Requiere autenticación JWT con roles, no implementada en este prototipo.">/Users/giulianazorzoli/Documentos/Personal/Universidad/Labo/Entrega-1/LogiTrack/LogiTrack/backend/tests/test_detalle_envio.py:138: Requiere autenticación JWT con roles, no implementada en este prototipo.</skipped></testcase><testcase classname="tests.test_detalle_envio" name="test_cp0203_operador_ve_datos_sensibles_que_vista_publica_no_muestra" time="0.000"><skipped type="pytest.skip" message="Requiere autenticación JWT con roles, no implementada en este prototipo.">/Users/giulianazorzoli/Documentos/Personal/Universidad/Labo/Entrega-1/LogiTrack/LogiTrack/backend/tests/test_detalle_envio.py:143: Requiere autenticación JWT con roles, no implementada en este prototipo.</skipped></testcase><testcase classname="tests.test_detalle_envio" name="test_cp0248_operador_busca_por_destinatario_exitosamente" time="0.000"><skipped type="pytest.skip" message="Requiere autenticación JWT con roles, no implementada en este prototipo.">/Users/giulianazorzoli/Documentos/Personal/Universidad/Labo/Entrega-1/LogiTrack/LogiTrack/backend/tests/test_detalle_envio.py:150: Requiere autenticación JWT con roles, no implementada en este prototipo.</skipped></testcase><testcase classname="tests.test_detalle_envio" name="test_cp0249_administrador_recibe_403_en_busqueda_destinatario" time="0.000"><skipped type="pytest.skip" message="Requiere autenticación JWT con roles, no implementada en este prototipo.">/Users/giulianazorzoli/Documentos/Personal/Universidad/Labo/Entrega-1/LogiTrack/LogiTrack/backend/tests/test_detalle_envio.py:155: Requiere autenticación JWT con roles, no implementada en este prototipo.</skipped></testcase><testcase classname="tests.test_detalle_envio" name="test_cp0250_sin_token_recibe_401_en_busqueda_destinatario" time="0.000"><skipped type="pytest.skip" message="Requiere autenticación JWT con roles, no implementada en este prototipo.">/Users/giulianazorzoli/Documentos/Personal/Universidad/Labo/Entrega-1/LogiTrack/LogiTrack/backend/tests/test_detalle_envio.py:160: Requiere autenticación JWT con roles, no implementada en este prototipo.</skipped></testcase><testcase classname="tests.test_detalle_envio" name="test_cp0253_usuario_no_autenticado_no_puede_buscar_por_destinatario" time="0.000"><skipped type="pytest.skip" message="Requiere autenticación JWT con roles, no implementada en este prototipo.">/Users/giulianazorzoli/Documentos/Personal/Universidad/Labo/Entrega-1/LogiTrack/LogiTrack/backend/tests/test_detalle_envio.py:165: Requiere autenticación JWT con roles, no implementada en este prototipo.</skipped></testcase><testcase classname="tests.test_listar_envios" name="test_cp0023_listado_incluye_columnas_requeridas" time="0.007" /><testcase classname="tests.test_listar_envios" name="test_cp0024_busqueda_tracking_inexistente_retorna_vacio" time="0.007" /><testcase classname="tests.test_listar_envios" name="test_cp0025_listado_sin_envios_retorna_total_cero" time="0.004" /><testcase classname="tests.test_listar_envios" name="test_cp0026_paginacion_funciona_correctamente" time="0.013" /><testcase classname="tests.test_listar_envios" name="test_cp0027_listado_responde_en_menos_de_3_segundos" time="0.004" /></testsuite></testsuites>