<?xml version="1.0" encoding="utf-8"?><testsuites name="pytest tests"><testsuite name="pytest" errors="0" failures="0" skipped="0" tests="244" time="2.141" timestamp="2026-04-02T10:30:52.388400-03:00" hostname="MacBook-Pro-de-Giuliana.local"><testcase classname="tests.test_auditoria_automatica.TestCP0103CreacionAutomatica" name="test_cp0103_se_genera_un_evento_al_crear_envio" time="0.021" /><testcase classname="tests.test_auditoria_automatica.TestCP0103CreacionAutomatica" name="test_cp0103_evento_tiene_accion_creacion" time="0.006" /><testcase classname="tests.test_auditoria_automatica.TestCP0103CreacionAutomatica" name="test_cp0103_evento_estado_inicial_es_null" time="0.006" /><testcase classname="tests.test_auditoria_automatica.TestCP0103CreacionAutomatica" name="test_cp0103_evento_estado_final_es_registrado" time="0.005" /><testcase classname="tests.test_auditoria_automatica.TestCP0103CreacionAutomatica" name="test_cp0103_evento_tiene_usuario_fecha_y_envio" time="0.006" /><testcase classname="tests.test_auditoria_automatica.TestCP0104ModificacionAutomatica" name="test_cp0104_patch_contacto_genera_evento_modificacion" time="0.009" /><testcase classname="tests.test_auditoria_automatica.TestCP0104ModificacionAutomatica" name="test_cp0104_patch_operativo_genera_evento_modificacion" time="0.009" /><testcase classname="tests.test_auditoria_automatica.TestCP0104ModificacionAutomatica" name="test_cp0104_estado_inicial_y_final_son_estado_actual" time="0.008" /><testcase classname="tests.test_auditoria_automatica.TestCP0105ModificacionFallida" name="test_cp0105_tracking_inexistente_retorna_404" time="0.003" /><testcase classname="tests.test_auditoria_automatica.TestCP0105ModificacionFallida" name="test_cp0105_operacion_fallida_no_genera_evento" time="0.006" /><testcase classname="tests.test_auditoria_automatica.TestCP0106ModificacionEliminado" name="test_cp0106_modificar_eliminado_retorna_409" time="0.012" /><testcase classname="tests.test_auditoria_automatica.TestCP0106ModificacionEliminado" name="test_cp0106_modificar_eliminado_no_genera_nuevo_evento" time="0.012" /><testcase classname="tests.test_auditoria_automatica.TestCP0107CambioEstadoAutomatico" name="test_cp0107_cambio_estado_genera_evento" time="0.007" /><testcase classname="tests.test_auditoria_automatica.TestCP0107CambioEstadoAutomatico" name="test_cp0107_evento_registra_estado_inicial_y_final_correctos" time="0.007" /><testcase classname="tests.test_auditoria_automatica.TestCP0107CambioEstadoAutomatico" name="test_cp0107_evento_registra_ubicacion" time="0.007" /><testcase classname="tests.test_auditoria_automatica.TestCP0108EliminacionAutomatica" name="test_cp0108_eliminacion_genera_evento" time="0.011" /><testcase classname="tests.test_auditoria_automatica.TestCP0108EliminacionAutomatica" name="test_cp0108_evento_estado_inicial_es_cancelado" time="0.010" /><testcase classname="tests.test_auditoria_automatica.TestCP0108EliminacionAutomatica" name="test_cp0108_evento_estado_final_es_eliminado" time="0.010" /><testcase classname="tests.test_auditoria_automatica.TestCP0109SinIntervencion" name="test_cp0109_evento_creado_sin_campo_extra_en_request" time="0.006" /><testcase classname="tests.test_auditoria_automatica.TestCP0109SinIntervencion" name="test_cp0109_multiples_acciones_generan_eventos_automaticamente" time="0.010" /><testcase classname="tests.test_auditoria_automatica.TestCP0111MovimientoAutomatico" name="test_cp0111_movimiento_genera_evento" time="0.008" /><testcase classname="tests.test_auditoria_automatica.TestCP0111MovimientoAutomatico" name="test_cp0111_evento_estado_inicial_igual_final" time="0.007" /><testcase classname="tests.test_auditoria_automatica.TestCP0111MovimientoAutomatico" name="test_cp0111_evento_registra_ubicacion_nueva" time="0.007" /><testcase classname="tests.test_auditoria_automatica.TestCP0112MovimientoInvalido" name="test_cp0112_ubicacion_faltante_retorna_422" time="0.007" /><testcase classname="tests.test_auditoria_automatica.TestCP0112MovimientoInvalido" name="test_cp0112_ubicacion_invalida_no_genera_evento" time="0.006" /><testcase classname="tests.test_auditoria_envio.TestCP0241EstructuraEntradas" name="test_cp0241_cada_entrada_tiene_accion_usuario_email_fecha" time="0.007" /><testcase classname="tests.test_auditoria_envio.TestCP0241EstructuraEntradas" name="test_cp0241_cada_entrada_tiene_estado_final" time="0.009" /><testcase classname="tests.test_auditoria_envio.TestCP0241EstructuraEntradas" name="test_cp0241_endpoint_retorna_200" time="0.007" /><testcase classname="tests.test_auditoria_envio.TestCP0242TodasLasAcciones" name="test_cp0242_historial_incluye_todos_los_tipos_de_accion" time="0.016" /><testcase classname="tests.test_auditoria_envio.TestCP0242TodasLasAcciones" name="test_cp0242_cada_accion_es_entrada_separada" time="0.008" /><testcase classname="tests.test_auditoria_envio.TestCP0242TodasLasAcciones" name="test_cp0242_historial_ordenado_cronologicamente" time="0.008" /><testcase classname="tests.test_auditoria_envio.TestCP0243SoloCreacion" name="test_cp0243_envio_recien_creado_tiene_una_sola_entrada" time="0.006" /><testcase classname="tests.test_auditoria_envio.TestCP0243SoloCreacion" name="test_cp0243_la_unica_entrada_es_creacion" time="0.006" /><testcase classname="tests.test_auditoria_envio.TestCP0243SoloCreacion" name="test_cp0243_creacion_no_tiene_estado_inicial" time="0.006" /><testcase classname="tests.test_auditoria_envio.TestCP0244RegistrosNoModificables" name="test_cp0244_put_en_auditoria_retorna_405" time="0.005" /><testcase classname="tests.test_auditoria_envio.TestCP0244RegistrosNoModificables" name="test_cp0244_patch_en_auditoria_retorna_405" time="0.005" /><testcase classname="tests.test_auditoria_envio.TestCP0244RegistrosNoModificables" name="test_cp0244_delete_en_auditoria_retorna_405" time="0.006" /><testcase classname="tests.test_auditoria_envio.TestCP0245Acceso" name="test_cp0245_endpoint_responde_200" time="0.006" /><testcase classname="tests.test_cambiar_estado.TestCP0030TransicionValida" name="test_cp0030_retorna_200" time="0.009" /><testcase classname="tests.test_cambiar_estado.TestCP0030TransicionValida" name="test_cp0030_estado_actualizado_en_bd" time="0.009" /><testcase classname="tests.test_cambiar_estado.TestCP0030TransicionValida" name="test_cp0030_respuesta_contiene_nuevo_estado" time="0.009" /><testcase classname="tests.test_cambiar_estado.TestCP0030TransicionValida" name="test_cp0030_flujo_completo_hasta_entregado" time="0.022" /><testcase classname="tests.test_cambiar_estado.TestCP0031UbicacionVacia" name="test_cp0031_calle_vacia_retorna_422" time="0.007" /><testcase classname="tests.test_cambiar_estado.TestCP0031UbicacionVacia" name="test_cp0031_ciudad_vacia_retorna_422" time="0.007" /><testcase classname="tests.test_cambiar_estado.TestCP0031UbicacionVacia" name="test_cp0031_numero_vacio_retorna_422" time="0.007" /><testcase classname="tests.test_cambiar_estado.TestCP0031UbicacionVacia" name="test_cp0031_estado_no_cambia_si_validacion_falla" time="0.008" /><testcase classname="tests.test_cambiar_estado.TestCP0032UbicacionSoloEspacios" name="test_cp0032_calle_espacios_retorna_422" time="0.007" /><testcase classname="tests.test_cambiar_estado.TestCP0032UbicacionSoloEspacios" name="test_cp0032_ciudad_espacios_retorna_422" time="0.007" /><testcase classname="tests.test_cambiar_estado.TestCP0032UbicacionSoloEspacios" name="test_cp0032_numero_espacios_retorna_422" time="0.007" /><testcase classname="tests.test_cambiar_estado.TestCP0033NoSaltarEstados" name="test_cp0033_retroceder_un_paso_retorna_422" time="0.009" /><testcase classname="tests.test_cambiar_estado.TestCP0033NoSaltarEstados" name="test_cp0033_mismo_estado_retorna_422" time="0.006" /><testcase classname="tests.test_cambiar_estado.TestCP0033NoSaltarEstados" name="test_cp0033_saltar_estado_retorna_422" time="0.006" /><testcase classname="tests.test_cambiar_estado.TestCP0033NoSaltarEstados" name="test_cp0033_estado_no_cambia_al_intentar_retroceder" time="0.010" /><testcase classname="tests.test_cambiar_estado.TestCP0036EnvioEliminado" name="test_cp0036_cambio_estado_en_envio_eliminado_retorna_409" time="0.009" /><testcase classname="tests.test_cambiar_estado.TestCP0036EnvioEliminado" name="test_cp0036_estado_permanece_eliminado" time="0.009" /><testcase classname="tests.test_cambiar_estado.TestCP0037Auditoria" name="test_cp0037_se_crea_evento_cambio_estado" time="0.009" /><testcase classname="tests.test_cambiar_estado.TestCP0037Auditoria" name="test_cp0037_evento_registra_estado_inicial_y_final" time="0.010" /><testcase classname="tests.test_cambiar_estado.TestCP0037Auditoria" name="test_cp0037_evento_registra_ubicacion" time="0.010" /><testcase classname="tests.test_cambiar_estado.TestCP0037Auditoria" name="test_cp0037_evento_registra_fecha_hora" time="0.009" /><testcase classname="tests.test_cambiar_estado.TestCP0037Auditoria" name="test_cp0037_multiples_cambios_generan_multiples_eventos" time="0.013" /><testcase classname="tests.test_cambiar_estado.TestCP0317ReusoUbicacion" name="test_cp0317_reusar_en_estado_no_obligatorio_retorna_200" time="0.014" /><testcase classname="tests.test_cambiar_estado.TestCP0317ReusoUbicacion" name="test_cp0317_estado_se_actualiza_al_reusar" time="0.014" /><testcase classname="tests.test_cambiar_estado.TestCP0317ReusoUbicacion" name="test_cp0317_reusar_sin_ubicacion_previa_retorna_422" time="0.006" /><testcase classname="tests.test_cambiar_estado.TestCP0318UbicacionObligatoriaConNueva" name="test_cp0318_en_deposito_con_nueva_ubicacion_retorna_200" time="0.007" /><testcase classname="tests.test_cambiar_estado.TestCP0318UbicacionObligatoriaConNueva" name="test_cp0318_ubicacion_queda_registrada" time="0.008" /><testcase classname="tests.test_cambiar_estado.TestCP0319UbicacionObligatoriaFaltante" name="test_cp0319_en_deposito_sin_ubicacion_retorna_422" time="0.006" /><testcase classname="tests.test_cambiar_estado.TestCP0319UbicacionObligatoriaFaltante" name="test_cp0319_estado_no_cambia" time="0.007" /><testcase classname="tests.test_cambiar_estado.TestCP0319UbicacionObligatoriaFaltante" name="test_cp0319_en_sucursal_sin_ubicacion_retorna_422" time="0.018" /><testcase classname="tests.test_cambiar_estado.TestCP0320UbicacionObligatoriaConReusar" name="test_cp0320_en_deposito_con_reusar_true_retorna_422" time="0.006" /><testcase classname="tests.test_cambiar_estado.TestCP0320UbicacionObligatoriaConReusar" name="test_cp0320_en_sucursal_con_reusar_true_retorna_422" time="0.017" /><testcase classname="tests.test_cambiar_estado.TestCP0320UbicacionObligatoriaConReusar" name="test_cp0320_entregado_con_reusar_true_retorna_422" time="0.025" /><testcase classname="tests.test_cambiar_estado.TestCP0321SaltarEstado" name="test_cp0321_registrado_a_en_transito_retorna_422" time="0.006" /><testcase classname="tests.test_cambiar_estado.TestCP0321SaltarEstado" name="test_cp0321_estado_no_cambia_al_saltar" time="0.013" /><testcase classname="tests.test_cambiar_estado.TestCP0321SaltarEstado" name="test_cp0321_en_deposito_a_en_sucursal_retorna_422" time="0.025" /><testcase classname="tests.test_cambiar_estado_excepcion.TestCP0322AsignacionExcepcionHP" name="test_cp0322_retrasado_con_ubicacion_retorna_200" time="0.016" /><testcase classname="tests.test_cambiar_estado_excepcion.TestCP0322AsignacionExcepcionHP" name="test_cp0322_estado_actualizado_en_bd" time="0.015" /><testcase classname="tests.test_cambiar_estado_excepcion.TestCP0322AsignacionExcepcionHP" name="test_cp0322_respuesta_contiene_nuevo_estado" time="0.015" /><testcase classname="tests.test_cambiar_estado_excepcion.TestCP0064UbicacionVacia" name="test_cp0064_calle_vacia_retorna_422" time="0.013" /><testcase classname="tests.test_cambiar_estado_excepcion.TestCP0064UbicacionVacia" name="test_cp0064_ciudad_vacia_retorna_422" time="0.014" /><testcase classname="tests.test_cambiar_estado_excepcion.TestCP0064UbicacionVacia" name="test_cp0064_estado_no_cambia_si_validacion_falla" time="0.014" /><testcase classname="tests.test_cambiar_estado_excepcion.TestCP0065UbicacionSoloEspacios" name="test_cp0065_calle_espacios_retorna_422" time="0.013" /><testcase classname="tests.test_cambiar_estado_excepcion.TestCP0065UbicacionSoloEspacios" name="test_cp0065_ciudad_espacios_retorna_422" time="0.014" /><testcase classname="tests.test_cambiar_estado_excepcion.TestCP0067CanceladoSinUbicacion" name="test_cp0067_cancelado_sin_ubicacion_retorna_200" time="0.007" /><testcase classname="tests.test_cambiar_estado_excepcion.TestCP0067CanceladoSinUbicacion" name="test_cp0067_estado_actualizado_en_bd" time="0.007" /><testcase classname="tests.test_cambiar_estado_excepcion.TestCP0067CanceladoSinUbicacion" name="test_cp0067_evento_no_tiene_ubicacion" time="0.008" /><testcase classname="tests.test_cambiar_estado_excepcion.TestCP0066CanceladoIrreversible" name="test_cp0066_patch_desde_cancelado_retorna_422" time="0.008" /><testcase classname="tests.test_cambiar_estado_excepcion.TestCP0066CanceladoIrreversible" name="test_cp0066_estado_permanece_cancelado" time="0.009" /><testcase classname="tests.test_cambiar_estado_excepcion.TestCP0071ReversionHP" name="test_cp0071_reversion_retrasado_retorna_200" time="0.018" /><testcase classname="tests.test_cambiar_estado_excepcion.TestCP0071ReversionHP" name="test_cp0071_estado_vuelve_al_flujo_normal" time="0.017" /><testcase classname="tests.test_cambiar_estado_excepcion.TestCP0072ReversionSinUbicacion" name="test_cp0072_sin_ubicacion_ni_reusar_retorna_422" time="0.016" /><testcase classname="tests.test_cambiar_estado_excepcion.TestCP0072ReversionSinUbicacion" name="test_cp0072_calle_vacia_retorna_422" time="0.016" /><testcase classname="tests.test_cambiar_estado_excepcion.TestCP0072ReversionSinUbicacion" name="test_cp0072_estado_permanece_en_excepcion" time="0.016" /><testcase classname="tests.test_cambiar_estado_excepcion.TestCP0068ReversionEstadoPrevioEnTransito" name="test_cp0068_estado_revertir_apunta_a_en_transito" time="0.017" /><testcase classname="tests.test_cambiar_estado_excepcion.TestCP0068ReversionEstadoPrevioEnTransito" name="test_cp0068_reversion_lleva_a_en_transito_especificamente" time="0.017" /><testcase classname="tests.test_cambiar_estado_excepcion.TestCP0323ReversionEstadoPrevioEnSucursal" name="test_cp0323_estado_revertir_apunta_a_en_sucursal" time="0.020" /><testcase classname="tests.test_cambiar_estado_excepcion.TestCP0323ReversionEstadoPrevioEnSucursal" name="test_cp0323_reversion_lleva_a_en_sucursal_especificamente" time="0.019" /><testcase classname="tests.test_cambiar_estado_excepcion.TestCP0073ReusoUbicacionEnReversion" name="test_cp0073_reusar_ubicacion_al_revertir_retorna_200" time="0.017" /><testcase classname="tests.test_cambiar_estado_excepcion.TestCP0073ReusoUbicacionEnReversion" name="test_cp0073_estado_actualizado_al_reusar" time="0.017" /><testcase classname="tests.test_cambiar_estado_excepcion.TestCP0073ReusoUbicacionEnReversion" name="test_cp0073_evento_registra_ubicacion_anterior" time="0.012" /><testcase classname="tests.test_cambiar_estado_excepcion.TestCP0074BloqueadoDesdeEnTransito" name="test_cp0074_bloqueado_desde_en_transito_retorna_422" time="0.014" /><testcase classname="tests.test_cambiar_estado_excepcion.TestCP0074BloqueadoDesdeEnTransito" name="test_cp0074_estado_no_cambia" time="0.015" /><testcase classname="tests.test_cambiar_estado_excepcion.TestCP0324BloqueadoDesdeEnDistribucion" name="test_cp0324_bloqueado_desde_en_distribucion_retorna_422" time="0.020" /><testcase classname="tests.test_cambiar_estado_excepcion.TestCP0324BloqueadoDesdeEnDistribucion" name="test_cp0324_estado_no_cambia" time="0.021" /><testcase classname="tests.test_cambiar_estado_excepcion.TestCP0325BloqueadoDesdeEnDeposito" name="test_cp0325_bloqueado_desde_en_deposito_retorna_200" time="0.011" /><testcase classname="tests.test_cambiar_estado_excepcion.TestCP0325BloqueadoDesdeEnDeposito" name="test_cp0325_estado_actualizado_en_bd" time="0.013" /><testcase classname="tests.test_cambiar_estado_excepcion.TestCP0326AuditoriaExcepcion" name="test_cp0326_se_crea_evento_al_asignar_excepcion" time="0.016" /><testcase classname="tests.test_cambiar_estado_excepcion.TestCP0326AuditoriaExcepcion" name="test_cp0326_evento_registra_estado_inicial_y_final" time="0.016" /><testcase classname="tests.test_cambiar_estado_excepcion.TestCP0326AuditoriaExcepcion" name="test_cp0326_evento_registra_ubicacion_y_fecha" time="0.016" /><testcase classname="tests.test_cambiar_estado_excepcion.TestCP0327AuditoriaNoRegistraFallo" name="test_cp0327_evento_no_creado_si_ubicacion_invalida" time="0.016" /><testcase classname="tests.test_cambiar_estado_excepcion.TestCP0327AuditoriaNoRegistraFallo" name="test_cp0327_evento_no_creado_si_transicion_invalida" time="0.015" /><testcase classname="tests.test_cambiar_estado_excepcion.TestCP0328DeleteCancelado" name="test_cp0328_delete_cancelado_retorna_200" time="0.008" /><testcase classname="tests.test_cambiar_estado_excepcion.TestCP0328DeleteCancelado" name="test_cp0328_estado_pasa_a_eliminado" time="0.008" /><testcase classname="tests.test_cambiar_estado_excepcion.TestCP0329DeleteNoCancelado" name="test_cp0329_delete_en_registrado_retorna_422" time="0.006" /><testcase classname="tests.test_cambiar_estado_excepcion.TestCP0329DeleteNoCancelado" name="test_cp0329_delete_en_transito_retorna_422" time="0.015" /><testcase classname="tests.test_cambiar_estado_excepcion.TestCP0329DeleteNoCancelado" name="test_cp0329_estado_no_cambia_tras_delete_fallido" time="0.006" /><testcase classname="tests.test_crear_envio" name="test_cp0003_crear_envio_datos_validos" time="0.005" /><testcase classname="tests.test_crear_envio" name="test_cp0004_remitente_vacio_retorna_422" time="0.003" /><testcase classname="tests.test_crear_envio" name="test_cp0005_remitente_solo_espacios_retorna_422" time="0.003" /><testcase classname="tests.test_crear_envio" name="test_cp0007_numero_domicilio_con_letras_retorna_422" time="0.003" /><testcase classname="tests.test_crear_envio" name="test_cp0008_envio_creado_aparece_en_listado" time="0.008" /><testcase classname="tests.test_crear_envio" name="test_cp0009_envio_fallido_no_aparece_en_listado" time="0.005" /><testcase classname="tests.test_crear_envio" name="test_cp0174_error_422_incluye_detalle_del_campo" time="0.003" /><testcase classname="tests.test_crear_envio" name="test_cp0178_formato_invalido_y_campo_vacio_retorna_422" time="0.004" /><testcase classname="tests.test_crear_envio" name="test_cp0183_campos_direccion_validos_retorna_201" time="0.005" /><testcase classname="tests.test_crear_envio" name="test_cp0184_campo_direccion_vacio_retorna_422" time="0.004" /><testcase classname="tests.test_crear_envio" name="test_cp0185_fecha_entrega_ausente_retorna_422" time="0.003" /><testcase classname="tests.test_crear_envio" name="test_cp0094_tracking_id_generado_automaticamente" time="0.005" /><testcase classname="tests.test_crear_envio" name="test_cp0095_tracking_ids_son_unicos" time="0.008" /><testcase classname="tests.test_crear_envio" name="test_cp0096_tracking_id_visible_en_respuesta" time="0.005" /><testcase classname="tests.test_crear_envio" name="test_cp0097_no_existe_endpoint_para_editar_tracking_id" time="0.006" /><testcase classname="tests.test_crear_envio" name="test_cp0150_prioridad_persistida_al_crear_con_prob_retraso" time="0.005" /><testcase classname="tests.test_crear_envio" name="test_cp0151_probabilidad_invalida_retorna_422_sin_crear_envio" time="0.005" /><testcase classname="tests.test_crear_envio" name="test_cp0152_prioridad_en_respuesta_pertenece_a_valores_validos" time="0.005" /><testcase classname="tests.test_crear_envio" name="test_cp0153_prioridad_no_es_editable_manualmente" time="0.006" /><testcase classname="tests.test_crear_envio" name="test_cp0175_payload_vacio_devuelve_422_con_detalle" time="0.004" /><testcase classname="tests.test_detalle_envio" name="test_cp0195_detalle_responde_en_menos_de_3_segundos" time="0.007" /><testcase classname="tests.test_detalle_envio" name="test_cp0199_tracking_id_inexistente_retorna_404_con_mensaje" time="0.003" /><testcase classname="tests.test_detalle_envio" name="test_cp0205_tracking_id_con_caracteres_especiales_retorna_404" time="0.004" /><testcase classname="tests.test_detalle_envio" name="test_cp0247_busqueda_responde_en_menos_de_3_segundos" time="0.009" /><testcase classname="tests.test_detalle_envio" name="test_cp0251_busqueda_destinatario_inexistente_retorna_vacio" time="0.008" /><testcase classname="tests.test_detalle_envio" name="test_cp0252_cp0017_envios_eliminados_no_aparecen_en_listado" time="0.007" /><testcase classname="tests.test_detalle_envio" name="test_cp0254_busqueda_vacia_retorna_todos_los_activos" time="0.009" /><testcase classname="tests.test_detalle_envio" name="test_cp0154_prioridad_visible_en_detalle_del_envio" time="0.007" /><testcase classname="tests.test_editar_envio.TestCP0209PersistenciaContacto" name="test_cp0209_patch_contacto_retorna_200" time="0.008" /><testcase classname="tests.test_editar_envio.TestCP0209PersistenciaContacto" name="test_cp0209_destinatario_actualizado_en_bd" time="0.008" /><testcase classname="tests.test_editar_envio.TestCP0209PersistenciaContacto" name="test_cp0209_direccion_destino_actualizada_en_bd" time="0.008" /><testcase classname="tests.test_editar_envio.TestCP0210ValidacionContacto" name="test_cp0210_calle_solo_numerica_retorna_422" time="0.006" /><testcase classname="tests.test_editar_envio.TestCP0210ValidacionContacto" name="test_cp0210_numero_no_numerico_retorna_422" time="0.006" /><testcase classname="tests.test_editar_envio.TestCP0210ValidacionContacto" name="test_cp0210_sin_persistencia_si_validacion_falla" time="0.007" /><testcase classname="tests.test_editar_envio.TestCP0211TrackingIdNoEditable" name="test_cp0211_tracking_id_no_cambia_si_se_incluye_en_body" time="0.009" /><testcase classname="tests.test_editar_envio.TestCP0212ConfirmacionContacto" name="test_cp0212_respuesta_incluye_nuevo_destinatario" time="0.008" /><testcase classname="tests.test_editar_envio.TestCP0212ConfirmacionContacto" name="test_cp0212_respuesta_incluye_nueva_direccion_destino" time="0.008" /><testcase classname="tests.test_editar_envio.TestCP0213CamposObligatoriosContacto" name="test_cp0213_destinatario_vacio_retorna_422" time="0.006" /><testcase classname="tests.test_editar_envio.TestCP0213CamposObligatoriosContacto" name="test_cp0213_ciudad_con_numeros_retorna_422" time="0.006" /><testcase classname="tests.test_editar_envio.TestCP0213CamposObligatoriosContacto" name="test_cp0213_codigo_postal_no_numerico_retorna_422" time="0.006" /><testcase classname="tests.test_editar_envio.TestCP0216EdicionFechaEntrega" name="test_cp0216_patch_operativo_con_fecha_valida_retorna_200" time="0.008" /><testcase classname="tests.test_editar_envio.TestCP0216EdicionFechaEntrega" name="test_cp0216_fecha_persistida_en_bd" time="0.007" /><testcase classname="tests.test_editar_envio.TestCP0217FechaPasadaRechazada" name="test_cp0217_fecha_pasada_retorna_422" time="0.006" /><testcase classname="tests.test_editar_envio.TestCP0217FechaPasadaRechazada" name="test_cp0217_fecha_original_no_cambia_si_validacion_falla" time="0.006" /><testcase classname="tests.test_editar_envio.TestCP0218EdicionProbabilidad" name="test_cp0218_prioridad_recalculada_tras_patch_operativo" time="0.008" /><testcase classname="tests.test_editar_envio.TestCP0218EdicionProbabilidad" name="test_cp0218_probabilidad_persistida_en_bd" time="0.008" /><testcase classname="tests.test_editar_envio.TestCP0219ProbabilidadVacia" name="test_cp0219_prob_ausente_retorna_422" time="0.006" /><testcase classname="tests.test_editar_envio.TestCP0219ProbabilidadVacia" name="test_cp0219_prob_null_retorna_422" time="0.006" /><testcase classname="tests.test_editar_envio.TestCP0220PrioridadNoEditable" name="test_cp0220_no_existe_endpoint_directo_para_editar_prioridad" time="0.006" /><testcase classname="tests.test_editar_envio.TestCP0220PrioridadNoEditable" name="test_cp0220_prioridad_en_body_es_ignorada_y_calculada_por_ml" time="0.007" /><testcase classname="tests.test_editar_envio.TestCP0221ValidacionFormatoFecha" name="test_cp0221_fecha_texto_invalido_retorna_422" time="0.006" /><testcase classname="tests.test_editar_envio.TestCP0221ValidacionFormatoFecha" name="test_cp0221_fecha_formato_dd_mm_yyyy_retorna_422" time="0.005" /><testcase classname="tests.test_editar_envio.TestCP0222ValidacionRangoProbabilidad" name="test_cp0222_prob_mayor_a_1_retorna_422" time="0.006" /><testcase classname="tests.test_editar_envio.TestCP0222ValidacionRangoProbabilidad" name="test_cp0222_prob_negativa_retorna_422" time="0.006" /><testcase classname="tests.test_editar_envio.TestCP0223ConfirmacionOperativo" name="test_cp0223_respuesta_incluye_nueva_fecha" time="0.007" /><testcase classname="tests.test_editar_envio.TestCP0223ConfirmacionOperativo" name="test_cp0223_respuesta_incluye_nueva_probabilidad" time="0.007" /><testcase classname="tests.test_editar_envio.TestCP0223ConfirmacionOperativo" name="test_cp0223_respuesta_incluye_prioridad_recalculada" time="0.007" /><testcase classname="tests.test_eliminar_envio.TestCP0016EliminacionLogica" name="test_cp0016_delete_retorna_200" time="0.009" /><testcase classname="tests.test_eliminar_envio.TestCP0016EliminacionLogica" name="test_cp0016_envio_queda_marcado_como_eliminado_en_bd" time="0.009" /><testcase classname="tests.test_eliminar_envio.TestCP0016EliminacionLogica" name="test_cp0016_envio_no_borrado_fisicamente" time="0.009" /><testcase classname="tests.test_eliminar_envio.TestCP0016EliminacionLogica" name="test_cp0016_delete_envio_inexistente_retorna_404" time="0.003" /><testcase classname="tests.test_eliminar_envio.TestCP0016EliminacionLogica" name="test_cp0016_delete_envio_ya_eliminado_retorna_409" time="0.010" /><testcase classname="tests.test_eliminar_envio.TestCP0017EliminadoNoAparece" name="test_cp0017_envio_eliminado_no_aparece_en_listado" time="0.009" /><testcase classname="tests.test_eliminar_envio.TestCP0017EliminadoNoAparece" name="test_cp0017_total_disminuye_tras_eliminacion" time="0.017" /><testcase classname="tests.test_eliminar_envio.TestCP0017EliminadoNoAparece" name="test_cp0017_envios_activos_no_se_ven_afectados" time="0.011" /><testcase classname="tests.test_eliminar_envio.TestCP0018HistorialConservado" name="test_cp0018_evento_eliminacion_registrado_en_bd" time="0.008" /><testcase classname="tests.test_eliminar_envio.TestCP0018HistorialConservado" name="test_cp0018_evento_eliminacion_refleja_estado_final_correcto" time="0.008" /><testcase classname="tests.test_eliminar_envio.TestCP0018HistorialConservado" name="test_cp0018_evento_creacion_previo_se_conserva" time="0.008" /><testcase classname="tests.test_eliminar_envio.TestCP0018HistorialConservado" name="test_cp0018_historial_tiene_tres_eventos_tras_eliminacion" time="0.009" /><testcase classname="tests.test_historial_envio.TestCP0225CargaRapida" name="test_cp0225_historial_responde_en_menos_de_3_segundos" time="0.011" /><testcase classname="tests.test_historial_envio.TestCP0229EstructuraEntradas" name="test_cp0229_cada_entrada_tiene_accion_estado_fecha" time="0.009" /><testcase classname="tests.test_historial_envio.TestCP0229EstructuraEntradas" name="test_cp0229_entradas_no_incluyen_usuario" time="0.034" /><testcase classname="tests.test_historial_envio.TestCP0229EstructuraEntradas" name="test_cp0229_movimiento_incluye_ubicacion" time="0.008" /><testcase classname="tests.test_historial_envio.TestCP0230UnicoEstado" name="test_cp0230_envio_recien_creado_tiene_una_entrada" time="0.007" /><testcase classname="tests.test_historial_envio.TestCP0230UnicoEstado" name="test_cp0230_unica_entrada_es_creacion_con_estado_registrado" time="0.007" /><testcase classname="tests.test_historial_envio.TestCP0230UnicoEstado" name="test_cp0230_retorna_200_sin_errores" time="0.007" /><testcase classname="tests.test_historial_envio.TestCP0231ReversionExcepcion" name="test_cp0231_reversion_aparece_como_entrada_separada" time="0.013" /><testcase classname="tests.test_historial_envio.TestCP0231ReversionExcepcion" name="test_cp0231_reversion_tiene_fecha_hora_propia" time="0.012" /><testcase classname="tests.test_historial_envio.TestCP0231ReversionExcepcion" name="test_cp0231_orden_cronologico_incluye_reversion" time="0.013" /><testcase classname="tests.test_historial_envio.TestCP0234MovimientosFisicos" name="test_cp0234_movimiento_aparece_en_historial" time="0.008" /><testcase classname="tests.test_historial_envio.TestCP0234MovimientosFisicos" name="test_cp0234_movimiento_muestra_ubicacion_ciudad_provincia" time="0.008" /><testcase classname="tests.test_historial_envio.TestCP0234MovimientosFisicos" name="test_cp0234_movimiento_intercalado_cronologicamente" time="0.012" /><testcase classname="tests.test_historial_envio.TestCP0234MovimientosFisicos" name="test_cp0234_movimiento_no_cambia_estado_del_envio" time="0.010" /><testcase classname="tests.test_listar_envios" name="test_cp0023_listado_incluye_columnas_requeridas" time="0.007" /><testcase classname="tests.test_listar_envios" name="test_cp0024_busqueda_tracking_inexistente_retorna_vacio" time="0.007" /><testcase classname="tests.test_listar_envios" name="test_cp0025_listado_sin_envios_retorna_total_cero" time="0.004" /><testcase classname="tests.test_listar_envios" name="test_cp0026_paginacion_funciona_correctamente" time="0.014" /><testcase classname="tests.test_listar_envios" name="test_cp0027_listado_responde_en_menos_de_3_segundos" time="0.004" /><testcase classname="tests.test_ml_predictor.TestCP0145ModeloCargable" name="test_cp0145_archivo_modelo_existe" time="0.000" /><testcase classname="tests.test_ml_predictor.TestCP0145ModeloCargable" name="test_cp0145_modelo_carga_sin_errores" time="0.001" /><testcase classname="tests.test_ml_predictor.TestCP0145ModeloCargable" name="test_cp0145_modelo_tiene_metodo_predict" time="0.000" /><testcase classname="tests.test_ml_predictor.TestCP0145ModeloCargable" name="test_cp0145_modelo_acepta_datos_y_devuelve_prediccion" time="0.001" /><testcase classname="tests.test_ml_predictor.TestCP0313ServicioInvocable" name="test_cp0313_servicio_carga_modelo_y_devuelve_prioridad" time="0.000" /><testcase classname="tests.test_ml_predictor.TestCP0313ServicioInvocable" name="test_cp0313_no_lanza_excepcion_con_input_valido" time="0.000" /><testcase classname="tests.test_ml_predictor.TestCP0313ServicioInvocable" name="test_cp0313_retorna_string" time="0.000" /><testcase classname="tests.test_ml_predictor.TestCP0314FormatoInvalido" name="test_cp0314_probabilidad_tipo_string_lanza_valueerror" time="0.000" /><testcase classname="tests.test_ml_predictor.TestCP0314FormatoInvalido" name="test_cp0314_probabilidad_tipo_none_lanza_valueerror" time="0.000" /><testcase classname="tests.test_ml_predictor.TestCP0314FormatoInvalido" name="test_cp0314_probabilidad_tipo_lista_lanza_valueerror" time="0.000" /><testcase classname="tests.test_ml_predictor.TestCP0314FormatoInvalido" name="test_cp0314_probabilidad_mayor_a_uno_lanza_valueerror" time="0.000" /><testcase classname="tests.test_ml_predictor.TestCP0314FormatoInvalido" name="test_cp0314_probabilidad_negativa_lanza_valueerror" time="0.000" /><testcase classname="tests.test_ml_predictor.TestCP0314FormatoInvalido" name="test_cp0314_dias_tipo_string_lanza_valueerror" time="0.000" /><testcase classname="tests.test_ml_predictor.TestCP0314FormatoInvalido" name="test_cp0314_dias_tipo_none_lanza_valueerror" time="0.000" /><testcase classname="tests.test_ml_predictor.TestCP0314FormatoInvalido" name="test_cp0314_dias_negativo_lanza_valueerror" time="0.000" /><testcase classname="tests.test_ml_predictor.TestCP0314FormatoInvalido" name="test_cp0314_mensaje_error_menciona_campo_probabilidad" time="0.000" /><testcase classname="tests.test_ml_predictor.TestCP0314FormatoInvalido" name="test_cp0314_mensaje_error_menciona_campo_dias" time="0.000" /><testcase classname="tests.test_ml_predictor.TestCP0146ServicioAceptaFeatures" name="test_cp0146_acepta_probabilidad_en_extremos" time="0.000" /><testcase classname="tests.test_ml_predictor.TestCP0146ServicioAceptaFeatures" name="test_cp0146_acepta_dias_en_cero" time="0.001" /><testcase classname="tests.test_ml_predictor.TestCP0146ServicioAceptaFeatures" name="test_cp0146_acepta_dias_alto" time="0.000" /><testcase classname="tests.test_ml_predictor.TestCP0147PrioridadEnCategorias" name="test_cp0147_devuelve_alta[0.85-1]" time="0.000" /><testcase classname="tests.test_ml_predictor.TestCP0147PrioridadEnCategorias" name="test_cp0147_devuelve_alta[0.75-5]" time="0.000" /><testcase classname="tests.test_ml_predictor.TestCP0147PrioridadEnCategorias" name="test_cp0147_devuelve_alta[0.65-1]" time="0.000" /><testcase classname="tests.test_ml_predictor.TestCP0147PrioridadEnCategorias" name="test_cp0147_devuelve_media[0.72-10]" time="0.000" /><testcase classname="tests.test_ml_predictor.TestCP0147PrioridadEnCategorias" name="test_cp0147_devuelve_media[0.55-5]" time="0.000" /><testcase classname="tests.test_ml_predictor.TestCP0147PrioridadEnCategorias" name="test_cp0147_devuelve_media[0.68-15]" time="0.000" /><testcase classname="tests.test_ml_predictor.TestCP0147PrioridadEnCategorias" name="test_cp0147_devuelve_media[0.3-1]" time="0.000" /><testcase classname="tests.test_ml_predictor.TestCP0147PrioridadEnCategorias" name="test_cp0147_devuelve_baja[0.15-5]" time="0.000" /><testcase classname="tests.test_ml_predictor.TestCP0147PrioridadEnCategorias" name="test_cp0147_devuelve_baja[0.05-10]" time="0.000" /><testcase classname="tests.test_ml_predictor.TestCP0147PrioridadEnCategorias" name="test_cp0147_resultado_siempre_en_conjunto_valido[0.9-1]" time="0.000" /><testcase classname="tests.test_ml_predictor.TestCP0147PrioridadEnCategorias" name="test_cp0147_resultado_siempre_en_conjunto_valido[0.5-5]" time="0.000" /><testcase classname="tests.test_ml_predictor.TestCP0147PrioridadEnCategorias" name="test_cp0147_resultado_siempre_en_conjunto_valido[0.1-10]" time="0.000" /><testcase classname="tests.test_movimiento_envio.TestCP0292RegistroExitoso" name="test_cp0292_post_movimiento_retorna_201" time="0.008" /><testcase classname="tests.test_movimiento_envio.TestCP0292RegistroExitoso" name="test_cp0292_respuesta_incluye_mensaje_de_confirmacion" time="0.007" /><testcase classname="tests.test_movimiento_envio.TestCP0292RegistroExitoso" name="test_cp0292_movimiento_queda_en_historial_del_envio" time="0.009" /><testcase classname="tests.test_movimiento_envio.TestCP0296ValidacionUbicacion" name="test_cp0296_sin_ubicacion_retorna_422" time="0.006" /><testcase classname="tests.test_movimiento_envio.TestCP0296ValidacionUbicacion" name="test_cp0296_ubicacion_nula_retorna_422" time="0.006" /><testcase classname="tests.test_movimiento_envio.TestCP0296ValidacionUbicacion" name="test_cp0296_envio_inexistente_retorna_404" time="0.004" /><testcase classname="tests.test_movimiento_envio.TestCP0297MultiplesMovimientos" name="test_cp0297_segundo_movimiento_se_agrega_al_historial" time="0.010" /><testcase classname="tests.test_movimiento_envio.TestCP0297MultiplesMovimientos" name="test_cp0297_primer_movimiento_no_se_modifica" time="0.010" /><testcase classname="tests.test_movimiento_envio.TestCP0299Acceso" name="test_cp0299_endpoint_accesible_sin_auth" time="0.007" /></testsuite></testsuites>