<?xml version="1.0" encoding="utf-8"?><testsuites name="pytest tests"><testsuite name="pytest" errors="0" failures="0" skipped="0" tests="13" time="0.122" timestamp="2026-04-03T21:05:18.552878-03:00" hostname="MacBook-Pro-de-Giuliana.local"><testcase classname="tests.test_scheduler.TestCP0331ConfiguracionJob" name="test_cp0331_job_existe_en_el_scheduler" time="0.000" /><testcase classname="tests.test_scheduler.TestCP0331ConfiguracionJob" name="test_cp0331_job_trigger_es_cron" time="0.000" /><testcase classname="tests.test_scheduler.TestCP0331ConfiguracionJob" name="test_cp0331_job_corre_a_medianoche" time="0.000" /><testcase classname="tests.test_scheduler.TestCP0331ConfiguracionJob" name="test_cp0331_job_timezone_argentina" time="0.000" /><testcase classname="tests.test_scheduler.TestCP0332SoloEstadosActivos" name="test_cp0332_envio_terminal_no_se_actualiza" time="0.022" /><testcase classname="tests.test_scheduler.TestCP0332SoloEstadosActivos" name="test_cp0332_envio_activo_si_se_procesa" time="0.007" /><testcase classname="tests.test_scheduler.TestCP0332SoloEstadosActivos" name="test_cp0332_terminales_ignorados_activos_procesados" time="0.009" /><testcase classname="tests.test_scheduler.TestCP0333PrioridadSeActualiza" name="test_cp0333_prioridad_cambia_cuando_fecha_es_proxima" time="0.006" /><testcase classname="tests.test_scheduler.TestCP0333PrioridadSeActualiza" name="test_cp0333_prioridad_persistida_en_db" time="0.006" /><testcase classname="tests.test_scheduler.TestCP0334SinCambioNoPersiste" name="test_cp0334_prioridad_correcta_no_cambia" time="0.006" /><testcase classname="tests.test_scheduler.TestCP0334SinCambioNoPersiste" name="test_cp0334_commit_no_ocurre_si_nada_cambia" time="0.004" /><testcase classname="tests.test_scheduler.TestCP0335FalloIndividual" name="test_cp0335_proceso_continua_tras_fallo_en_un_envio" time="0.010" /><testcase classname="tests.test_scheduler.TestCP0335FalloIndividual" name="test_cp0335_scheduler_no_lanza_excepcion_ante_fallo" time="0.006" /></testsuite></testsuites>